Build started 2016/1/13 11:29:42.
     1>Project "C:\Users\hello\Desktop\acsl\commonLib\modules\sci\src\sci.vcxproj" on node 2 (Rebuild target(s)).
     1>ClCompile:
         D:\Program Files\Microsoft Visual Studio 12.0\VC\bin\CL.exe /c /I..\include /I..\..\..\include /I..\..\..\..\miniSvLib\include /ZI /nologo /W3 /WX- /sdl /Od /Oy- /D WIN32 /D _DEBUG /D _LIB /D _UNICODE /D UNICODE /Gm /EHsc /RTC1 /MTd /GS /fp:precise /Zc:wchar_t /Zc:forScope /Yc"stdafx.h" /Fp"Debug\sciD.pch" /Fo"Debug\\" /Fd"Debug\vc120.pdb" /Gd /TP /analyze- /errorReport:prompt stdafx.cpp
         stdafx.cpp
         D:\Program Files\Microsoft Visual Studio 12.0\VC\bin\CL.exe /c /I..\include /I..\..\..\include /I..\..\..\..\miniSvLib\include /ZI /nologo /W3 /WX- /sdl /Od /Oy- /D WIN32 /D _DEBUG /D _LIB /D _UNICODE /D UNICODE /Gm /EHsc /RTC1 /MTd /GS /fp:precise /Zc:wchar_t /Zc:forScope /Yu"stdafx.h" /Fp"Debug\sciD.pch" /Fo"Debug\\" /Fd"Debug\vc120.pdb" /Gd /TP /analyze- /errorReport:prompt SCI.cpp SCIDeviceBase.cpp
         SCIDeviceBase.cpp
         SCI.cpp
         Generating Code...
       Lib:
         D:\Program Files\Microsoft Visual Studio 12.0\VC\bin\Lib.exe /OUT:"..\lib\sciD.lib" /NOLOGO Debug\SCI.obj
         Debug\SCIDeviceBase.obj
         Debug\stdafx.obj
         sci.vcxproj -> C:\Users\hello\Desktop\acsl\commonLib\modules\sci\src\..\lib\sciD.lib
       PostBuildEvent:
         copy ..\include\*.h ..\..\..\include\
         copy ..\lib\sciD.lib ..\..\..\lib\
         :VCEnd
         ..\include\SCI.h
         ..\include\SCIDeviceBase.h
         已复制         2 个文件。
         已复制         1 个文件。
     1>Done Building Project "C:\Users\hello\Desktop\acsl\commonLib\modules\sci\src\sci.vcxproj" (Rebuild target(s)).

Build succeeded.

Time Elapsed 00:00:03.86
