c:\users\ogawa\documents\02_開発\02_msap\minisv_gcs\trunk\version1\commonlib\modules\sci\src\debug\scid.pch
c:\users\ogawa\documents\02_開発\02_msap\minisv_gcs\trunk\version1\commonlib\modules\sci\src\debug\vc120.pdb
c:\users\ogawa\documents\02_開発\02_msap\minisv_gcs\trunk\version1\commonlib\modules\sci\src\debug\vc120.idb
c:\users\ogawa\documents\02_開発\02_msap\minisv_gcs\trunk\version1\commonlib\modules\sci\src\debug\stdafx.obj
c:\users\ogawa\documents\02_開発\02_msap\minisv_gcs\trunk\version1\commonlib\modules\sci\src\debug\sci.obj
c:\users\ogawa\documents\02_開発\02_msap\minisv_gcs\trunk\version1\commonlib\modules\sci\src\debug\scidevicebase.obj
c:\users\ogawa\documents\02_開発\02_msap\minisv_gcs\trunk\version1\commonlib\modules\sci\lib\scid.lib
c:\users\hello\desktop\acsl\commonlib\modules\sci\src\debug\sci.obj
c:\users\hello\desktop\acsl\commonlib\modules\sci\src\debug\scidevicebase.obj
c:\users\hello\desktop\acsl\commonlib\modules\sci\src\debug\stdafx.obj
c:\users\hello\desktop\acsl\commonlib\modules\sci\src\debug\scid.pch
c:\users\hello\desktop\acsl\commonlib\modules\sci\src\debug\vc120.idb
c:\users\hello\desktop\acsl\commonlib\modules\sci\src\debug\vc120.pdb
c:\users\hello\desktop\acsl\commonlib\modules\sci\src\..\lib\scid.lib
c:\users\hello\desktop\acsl\commonlib\modules\sci\src\debug\sci.tlog\cl.command.1.tlog
c:\users\hello\desktop\acsl\commonlib\modules\sci\src\debug\sci.tlog\cl.read.1.tlog
c:\users\hello\desktop\acsl\commonlib\modules\sci\src\debug\sci.tlog\cl.write.1.tlog
c:\users\hello\desktop\acsl\commonlib\modules\sci\src\debug\sci.tlog\lib-link.read.1.tlog
c:\users\hello\desktop\acsl\commonlib\modules\sci\src\debug\sci.tlog\lib-link.write.1.tlog
c:\users\hello\desktop\acsl\commonlib\modules\sci\src\debug\sci.tlog\lib.command.1.tlog
