d:\vs2013_project\acsl\acsl\core\x-monitor_play.bsc
d:\vs2013_project\acsl\x-monitor_recplay\src\x-monitor_play\release\x-monitor_play.pch
d:\vs2013_project\acsl\x-monitor_recplay\src\x-monitor_play\release\vc120.pdb
d:\vs2013_project\acsl\x-monitor_recplay\src\x-monitor_play\release\stdafx.sbr
d:\vs2013_project\acsl\x-monitor_recplay\src\x-monitor_play\release\stdafx.obj
d:\vs2013_project\acsl\x-monitor_recplay\src\x-monitor_play\release\x-monitor_play.sbr
d:\vs2013_project\acsl\x-monitor_recplay\src\x-monitor_play\release\x-monitor_play.obj
d:\vs2013_project\acsl\acsl\core\x-monitor_play.exe
d:\vs2013_project\acsl\acsl\core\x-monitor_play.pdb
d:\vs2013_project\acsl\x-monitor_recplay\src\x-monitor_play\release\msxml6.tli
d:\vs2013_project\acsl\x-monitor_recplay\src\x-monitor_play\release\msxml6.tlh
d:\vs2013_project\acsl\x-monitor_recplay\src\x-monitor_play\..\..\..\acsl\core\x-monitor_play.exe
d:\vs2013_project\acsl\x-monitor_recplay\src\x-monitor_play\release\x-monitor_play.tlog\bscmake.command.1.tlog
d:\vs2013_project\acsl\x-monitor_recplay\src\x-monitor_play\release\x-monitor_play.tlog\bscmake.read.1.tlog
d:\vs2013_project\acsl\x-monitor_recplay\src\x-monitor_play\release\x-monitor_play.tlog\bscmake.write.1.tlog
d:\vs2013_project\acsl\x-monitor_recplay\src\x-monitor_play\release\x-monitor_play.tlog\cl.command.1.tlog
d:\vs2013_project\acsl\x-monitor_recplay\src\x-monitor_play\release\x-monitor_play.tlog\cl.read.1.tlog
d:\vs2013_project\acsl\x-monitor_recplay\src\x-monitor_play\release\x-monitor_play.tlog\cl.write.1.tlog
d:\vs2013_project\acsl\x-monitor_recplay\src\x-monitor_play\release\x-monitor_play.tlog\link.command.1.tlog
d:\vs2013_project\acsl\x-monitor_recplay\src\x-monitor_play\release\x-monitor_play.tlog\link.read.1.tlog
d:\vs2013_project\acsl\x-monitor_recplay\src\x-monitor_play\release\x-monitor_play.tlog\link.write.1.tlog
