生成启动时间为 2017/4/24 星期一 下午 4:01:18。
     1>项目“D:\VS2013_Project\acsl\miniSvLib\modules\miniSvCommon\src\miniSvCommon.vcxproj”在节点 5 上(Rebuild 个目标)。
     1>ClCompile:
         D:\Program Files\Microsoft Visual Studio 12.0\VC\bin\CL.exe /c /I..\include /I..\..\..\include /I..\..\..\..\commonLib\include /Zi /nologo /W3 /WX- /sdl /O2 /Oi /Oy- /GL /D WIN32 /D NDEBUG /D _LIB /D _UNICODE /D UNICODE /Gm- /EHsc /MT /GS /Gy /fp:precise /Zc:wchar_t /Zc:forScope /Yc"stdafx.h" /Fp"Release\miniSvCommon.pch" /Fo"Release\\" /Fd"Release\vc120.pdb" /FR"Release\\" /Gd /TP /analyze- /errorReport:prompt stdafx.cpp
         stdafx.cpp
         D:\Program Files\Microsoft Visual Studio 12.0\VC\bin\CL.exe /c /I..\include /I..\..\..\include /I..\..\..\..\commonLib\include /Zi /nologo /W3 /WX- /sdl /O2 /Oi /Oy- /GL /D WIN32 /D NDEBUG /D _LIB /D _UNICODE /D UNICODE /Gm- /EHsc /MT /GS /Gy /fp:precise /Zc:wchar_t /Zc:forScope /Fo"Release\\" /Fd"Release\vc120.pdb" /FR"Release\\" /Gd /TC /analyze- /errorReport:prompt ..\..\..\include\Common\Debug.c
         Debug.c
       Lib:
         D:\Program Files\Microsoft Visual Studio 12.0\VC\bin\Lib.exe /OUT:"..\lib\miniSvCommon.lib" /NOLOGO /LTCG Release\Debug.obj
         Release\stdafx.obj
         miniSvCommon.vcxproj -> D:\VS2013_Project\acsl\miniSvLib\modules\miniSvCommon\src\..\lib\miniSvCommon.lib
       BscMake:
         D:\Program Files\Microsoft Visual Studio 12.0\VC\bin\bscmake.exe /nologo /o"..\lib\miniSvCommon.bsc" /n Release\Debug.sbr Release\stdafx.sbr
       PostBuildEvent:
         copy ..\include\*.h ..\..\..\include\
         copy ..\lib\miniSvCommon.lib ..\..\..\lib\
         :VCEnd
         ..\include\BasicConfiguration.h
         ..\include\Commondef_High.h
         ..\include\Commondef_Low.h
         ..\include\ControlInfo.h
         ..\include\Globaldef.h
         已复制         5 个文件。
         已复制         1 个文件。
     1>已完成生成项目“D:\VS2013_Project\acsl\miniSvLib\modules\miniSvCommon\src\miniSvCommon.vcxproj”(Rebuild 个目标)的操作。

生成成功。

已用时间 00:00:04.08
