c:\users\ogawa\documents\02_開発\02_msap\minisv_gcs\trunk\version1\x-monitor_recplay\src\x-monitor_rec\debug\x-monitor_recd.pch
c:\users\ogawa\documents\02_開発\02_msap\minisv_gcs\trunk\version1\x-monitor_recplay\src\x-monitor_rec\debug\vc120.pdb
c:\users\ogawa\documents\02_開発\02_msap\minisv_gcs\trunk\version1\x-monitor_recplay\src\x-monitor_rec\debug\vc120.idb
c:\users\ogawa\documents\02_開発\02_msap\minisv_gcs\trunk\version1\x-monitor_recplay\src\x-monitor_rec\debug\stdafx.obj
c:\users\ogawa\documents\02_開発\02_msap\minisv_gcs\trunk\version1\x-monitor_recplay\src\x-monitor_rec\debug\x-monitor_rec.obj
c:\users\ogawa\documents\02_開発\02_msap\minisv_gcs\trunk\version1\acsl\core\x-monitor_recd.ilk
c:\users\ogawa\documents\02_開発\02_msap\minisv_gcs\trunk\version1\acsl\core\x-monitor_recd.exe
c:\users\ogawa\documents\02_開発\02_msap\minisv_gcs\trunk\version1\acsl\core\x-monitor_recd.pdb
c:\users\hello\desktop\acsl\x-monitor_recplay\src\x-monitor_rec\debug\stdafx.obj
c:\users\hello\desktop\acsl\x-monitor_recplay\src\x-monitor_rec\debug\x-monitor_rec.obj
c:\users\hello\desktop\acsl\x-monitor_recplay\src\x-monitor_rec\debug\msxml6.tli
c:\users\hello\desktop\acsl\x-monitor_recplay\src\x-monitor_rec\debug\msxml6.tlh
c:\users\hello\desktop\acsl\x-monitor_recplay\src\x-monitor_rec\debug\x-monitor_recd.pch
c:\users\hello\desktop\acsl\x-monitor_recplay\src\x-monitor_rec\debug\vc120.idb
c:\users\hello\desktop\acsl\x-monitor_recplay\src\x-monitor_rec\debug\vc120.pdb
c:\users\hello\desktop\acsl\x-monitor_recplay\src\x-monitor_rec\..\..\..\acsl\core\x-monitor_recd.exe
c:\users\hello\desktop\acsl\x-monitor_recplay\src\x-monitor_rec\debug\x-monitor_rec.tlog\cl.command.1.tlog
c:\users\hello\desktop\acsl\x-monitor_recplay\src\x-monitor_rec\debug\x-monitor_rec.tlog\cl.read.1.tlog
c:\users\hello\desktop\acsl\x-monitor_recplay\src\x-monitor_rec\debug\x-monitor_rec.tlog\cl.write.1.tlog
c:\users\hello\desktop\acsl\x-monitor_recplay\src\x-monitor_rec\debug\x-monitor_rec.tlog\link.command.1.tlog
c:\users\hello\desktop\acsl\x-monitor_recplay\src\x-monitor_rec\debug\x-monitor_rec.tlog\link.read.1.tlog
c:\users\hello\desktop\acsl\x-monitor_recplay\src\x-monitor_rec\debug\x-monitor_rec.tlog\link.write.1.tlog
