c:\users\ogawa\documents\02_開発\02_msap\minisv_gcs\trunk\version1\minisvlib\modules\minisvuavlink\src\debug\minisvuavlinkd.pch
c:\users\ogawa\documents\02_開発\02_msap\minisv_gcs\trunk\version1\minisvlib\modules\minisvuavlink\src\debug\vc120.pdb
c:\users\ogawa\documents\02_開発\02_msap\minisv_gcs\trunk\version1\minisvlib\modules\minisvuavlink\src\debug\vc120.idb
c:\users\ogawa\documents\02_開発\02_msap\minisv_gcs\trunk\version1\minisvlib\modules\minisvuavlink\src\debug\stdafx.obj
c:\users\ogawa\documents\02_開発\02_msap\minisv_gcs\trunk\version1\minisvlib\modules\minisvuavlink\src\debug\udp.obj
c:\users\ogawa\documents\02_開発\02_msap\minisv_gcs\trunk\version1\minisvlib\modules\minisvuavlink\src\debug\scidevice.obj
c:\users\ogawa\documents\02_開発\02_msap\minisv_gcs\trunk\version1\minisvlib\modules\minisvuavlink\src\debug\sci_win.obj
c:\users\ogawa\documents\02_開発\02_msap\minisv_gcs\trunk\version1\minisvlib\modules\minisvuavlink\src\debug\uavlink.obj
c:\users\ogawa\documents\02_開発\02_msap\minisv_gcs\trunk\version1\minisvlib\modules\minisvuavlink\lib\minisvuavlinkd.lib
c:\users\hello\desktop\acsl\minisvlib\modules\minisvuavlink\src\debug\scidevice.obj
c:\users\hello\desktop\acsl\minisvlib\modules\minisvuavlink\src\debug\sci_win.obj
c:\users\hello\desktop\acsl\minisvlib\modules\minisvuavlink\src\debug\stdafx.obj
c:\users\hello\desktop\acsl\minisvlib\modules\minisvuavlink\src\debug\uavlink.obj
c:\users\hello\desktop\acsl\minisvlib\modules\minisvuavlink\src\debug\udp.obj
c:\users\hello\desktop\acsl\minisvlib\modules\minisvuavlink\src\debug\minisvuavlinkd.pch
c:\users\hello\desktop\acsl\minisvlib\modules\minisvuavlink\src\debug\vc120.idb
c:\users\hello\desktop\acsl\minisvlib\modules\minisvuavlink\src\debug\vc120.pdb
c:\users\hello\desktop\acsl\minisvlib\modules\minisvuavlink\src\..\lib\minisvuavlinkd.lib
c:\users\hello\desktop\acsl\minisvlib\modules\minisvuavlink\src\debug\minisvuavlink.tlog\cl.command.1.tlog
c:\users\hello\desktop\acsl\minisvlib\modules\minisvuavlink\src\debug\minisvuavlink.tlog\cl.read.1.tlog
c:\users\hello\desktop\acsl\minisvlib\modules\minisvuavlink\src\debug\minisvuavlink.tlog\cl.write.1.tlog
c:\users\hello\desktop\acsl\minisvlib\modules\minisvuavlink\src\debug\minisvuavlink.tlog\lib-link.read.1.tlog
c:\users\hello\desktop\acsl\minisvlib\modules\minisvuavlink\src\debug\minisvuavlink.tlog\lib-link.write.1.tlog
c:\users\hello\desktop\acsl\minisvlib\modules\minisvuavlink\src\debug\minisvuavlink.tlog\lib.command.1.tlog
