d:\vs2013_project\acsl\commonlib\modules\sci\lib\sci.bsc
d:\vs2013_project\acsl\commonlib\modules\sci\src\release\sci.pch
d:\vs2013_project\acsl\commonlib\modules\sci\src\release\vc120.pdb
d:\vs2013_project\acsl\commonlib\modules\sci\src\release\stdafx.sbr
d:\vs2013_project\acsl\commonlib\modules\sci\src\release\stdafx.obj
d:\vs2013_project\acsl\commonlib\modules\sci\src\release\sci.sbr
d:\vs2013_project\acsl\commonlib\modules\sci\src\release\scidevicebase.sbr
d:\vs2013_project\acsl\commonlib\modules\sci\src\release\scidevicebase.obj
d:\vs2013_project\acsl\commonlib\modules\sci\src\release\sci.obj
d:\vs2013_project\acsl\commonlib\modules\sci\lib\sci.lib
d:\vs2013_project\acsl\commonlib\modules\sci\src\..\lib\sci.lib
d:\vs2013_project\acsl\commonlib\modules\sci\src\release\sci.tlog\bscmake.command.1.tlog
d:\vs2013_project\acsl\commonlib\modules\sci\src\release\sci.tlog\bscmake.read.1.tlog
d:\vs2013_project\acsl\commonlib\modules\sci\src\release\sci.tlog\bscmake.write.1.tlog
d:\vs2013_project\acsl\commonlib\modules\sci\src\release\sci.tlog\cl.command.1.tlog
d:\vs2013_project\acsl\commonlib\modules\sci\src\release\sci.tlog\cl.read.1.tlog
d:\vs2013_project\acsl\commonlib\modules\sci\src\release\sci.tlog\cl.write.1.tlog
d:\vs2013_project\acsl\commonlib\modules\sci\src\release\sci.tlog\lib-link.read.1.tlog
d:\vs2013_project\acsl\commonlib\modules\sci\src\release\sci.tlog\lib-link.write.1.tlog
d:\vs2013_project\acsl\commonlib\modules\sci\src\release\sci.tlog\lib.command.1.tlog
