Build started 2016/1/13 11:29:42.
     1>Project "C:\Users\hello\Desktop\acsl\commonLib\modules\debugWrite\src\debugWrite.vcxproj" on node 4 (Rebuild target(s)).
     1>ClCompile:
         D:\Program Files\Microsoft Visual Studio 12.0\VC\bin\CL.exe /c /I..\include /I..\..\..\include /ZI /nologo /W3 /WX- /sdl /Od /Oy- /D WIN32 /D _DEBUG /D _LIB /D _UNICODE /D UNICODE /Gm /EHsc /RTC1 /MTd /GS /fp:precise /Zc:wchar_t /Zc:forScope /Yc"stdafx.h" /Fp"Debug\debugWriteD.pch" /Fo"Debug\\" /Fd"Debug\vc120.pdb" /Gd /TP /analyze- /errorReport:prompt stdafx.cpp
         stdafx.cpp
         D:\Program Files\Microsoft Visual Studio 12.0\VC\bin\CL.exe /c /I..\include /I..\..\..\include /ZI /nologo /W3 /WX- /sdl /Od /Oy- /D WIN32 /D _DEBUG /D _LIB /D _UNICODE /D UNICODE /Gm /EHsc /RTC1 /MTd /GS /fp:precise /Zc:wchar_t /Zc:forScope /Yu"stdafx.h" /Fp"Debug\debugWriteD.pch" /Fo"Debug\\" /Fd"Debug\vc120.pdb" /Gd /TP /analyze- /errorReport:prompt debug.cpp
         debug.cpp
       Lib:
         D:\Program Files\Microsoft Visual Studio 12.0\VC\bin\Lib.exe /OUT:"..\lib\debugWriteD.lib" /NOLOGO Debug\debug.obj
         Debug\stdafx.obj
         debugWrite.vcxproj -> C:\Users\hello\Desktop\acsl\commonLib\modules\debugWrite\src\..\lib\debugWriteD.lib
       PostBuildEvent:
         copy ..\include\*.h ..\..\..\include\
         copy ..\lib\debugWriteD.lib ..\..\..\lib\
         :VCEnd
         ..\include\debug.h
         已复制         1 个文件。
         已复制         1 个文件。
     1>Done Building Project "C:\Users\hello\Desktop\acsl\commonLib\modules\debugWrite\src\debugWrite.vcxproj" (Rebuild target(s)).

Build succeeded.

Time Elapsed 00:00:01.96
