c:\users\ogawa\documents\02_開発\02_msap\minisv_gcs\trunk\version1\commonlib\modules\socket\src\debug\socketd.pch
c:\users\ogawa\documents\02_開発\02_msap\minisv_gcs\trunk\version1\commonlib\modules\socket\src\debug\vc120.pdb
c:\users\ogawa\documents\02_開発\02_msap\minisv_gcs\trunk\version1\commonlib\modules\socket\src\debug\vc120.idb
c:\users\ogawa\documents\02_開発\02_msap\minisv_gcs\trunk\version1\commonlib\modules\socket\src\debug\stdafx.obj
c:\users\ogawa\documents\02_開発\02_msap\minisv_gcs\trunk\version1\commonlib\modules\socket\src\debug\winsocktcp2.obj
c:\users\ogawa\documents\02_開発\02_msap\minisv_gcs\trunk\version1\commonlib\modules\socket\src\debug\wsadebug.obj
c:\users\ogawa\documents\02_開発\02_msap\minisv_gcs\trunk\version1\commonlib\modules\socket\lib\socketd.lib
c:\users\hello\desktop\acsl\commonlib\modules\socket\src\debug\stdafx.obj
c:\users\hello\desktop\acsl\commonlib\modules\socket\src\debug\winsocktcp2.obj
c:\users\hello\desktop\acsl\commonlib\modules\socket\src\debug\wsadebug.obj
c:\users\hello\desktop\acsl\commonlib\modules\socket\src\debug\socketd.pch
c:\users\hello\desktop\acsl\commonlib\modules\socket\src\debug\vc120.idb
c:\users\hello\desktop\acsl\commonlib\modules\socket\src\debug\vc120.pdb
c:\users\hello\desktop\acsl\commonlib\modules\socket\src\..\lib\socketd.lib
c:\users\hello\desktop\acsl\commonlib\modules\socket\src\debug\socket.tlog\cl.command.1.tlog
c:\users\hello\desktop\acsl\commonlib\modules\socket\src\debug\socket.tlog\cl.read.1.tlog
c:\users\hello\desktop\acsl\commonlib\modules\socket\src\debug\socket.tlog\cl.write.1.tlog
c:\users\hello\desktop\acsl\commonlib\modules\socket\src\debug\socket.tlog\lib-link.read.1.tlog
c:\users\hello\desktop\acsl\commonlib\modules\socket\src\debug\socket.tlog\lib-link.write.1.tlog
c:\users\hello\desktop\acsl\commonlib\modules\socket\src\debug\socket.tlog\lib.command.1.tlog
