Build started 2016/1/13 11:29:37.
     1>Project "C:\Users\hello\Desktop\acsl\miniSvLib\modules\miniSvKml\src\miniSvKml.vcxproj" on node 3 (Rebuild target(s)).
     1>ClCompile:
         D:\Program Files\Microsoft Visual Studio 12.0\VC\bin\CL.exe /c /I..\include /I..\..\..\include /I..\..\..\..\commonLib\include /ZI /nologo /W3 /WX- /sdl /Od /Oy- /D WIN32 /D _DEBUG /D _LIB /D _UNICODE /D UNICODE /Gm /EHsc /RTC1 /MTd /GS /fp:precise /Zc:wchar_t /Zc:forScope /Yc"stdafx.h" /Fp"Debug\miniSvKmlD.pch" /Fo"Debug\\" /Fd"Debug\vc120.pdb" /Gd /TP /analyze- /errorReport:prompt stdafx.cpp
         stdafx.cpp
         D:\Program Files\Microsoft Visual Studio 12.0\VC\bin\CL.exe /c /I..\include /I..\..\..\include /I..\..\..\..\commonLib\include /ZI /nologo /W3 /WX- /sdl /Od /Oy- /D WIN32 /D _DEBUG /D _LIB /D _UNICODE /D UNICODE /Gm /EHsc /RTC1 /MTd /GS /fp:precise /Zc:wchar_t /Zc:forScope /Yu"stdafx.h" /Fp"Debug\miniSvKmlD.pch" /Fo"Debug\\" /Fd"Debug\vc120.pdb" /Gd /TP /analyze- /errorReport:prompt kmlLogger.cpp
         kmlLogger.cpp
       Lib:
         D:\Program Files\Microsoft Visual Studio 12.0\VC\bin\Lib.exe /OUT:"..\lib\miniSvKmlD.lib" .\minizipD.lib /NOLOGO Debug\kmlLogger.obj
         Debug\stdafx.obj
         miniSvKml.vcxproj -> C:\Users\hello\Desktop\acsl\miniSvLib\modules\miniSvKml\src\..\lib\miniSvKmlD.lib
       PostBuildEvent:
         copy ..\include\*.h ..\..\..\include\
         copy ..\lib\miniSvKmlD.lib ..\..\..\lib\
         :VCEnd
         ..\include\kmlLogger.h
         已复制         1 个文件。
         已复制         1 个文件。
     1>Done Building Project "C:\Users\hello\Desktop\acsl\miniSvLib\modules\miniSvKml\src\miniSvKml.vcxproj" (Rebuild target(s)).

Build succeeded.

Time Elapsed 00:00:05.25
