c:\users\ogawa\documents\02_開発\02_msap\minisv_gcs\trunk\version1\minisvlib\modules\minisvkml\src\debug\minisvkmld.pch
c:\users\ogawa\documents\02_開発\02_msap\minisv_gcs\trunk\version1\minisvlib\modules\minisvkml\src\debug\vc120.pdb
c:\users\ogawa\documents\02_開発\02_msap\minisv_gcs\trunk\version1\minisvlib\modules\minisvkml\src\debug\vc120.idb
c:\users\ogawa\documents\02_開発\02_msap\minisv_gcs\trunk\version1\minisvlib\modules\minisvkml\src\debug\stdafx.obj
c:\users\ogawa\documents\02_開発\02_msap\minisv_gcs\trunk\version1\minisvlib\modules\minisvkml\src\debug\kmllogger.obj
c:\users\ogawa\documents\02_開発\02_msap\minisv_gcs\trunk\version1\minisvlib\modules\minisvkml\lib\minisvkmld.lib
c:\users\hello\desktop\acsl\minisvlib\modules\minisvkml\src\debug\kmllogger.obj
c:\users\hello\desktop\acsl\minisvlib\modules\minisvkml\src\debug\stdafx.obj
c:\users\hello\desktop\acsl\minisvlib\modules\minisvkml\src\debug\msxml6.tli
c:\users\hello\desktop\acsl\minisvlib\modules\minisvkml\src\debug\msxml6.tlh
c:\users\hello\desktop\acsl\minisvlib\modules\minisvkml\src\debug\minisvkmld.pch
c:\users\hello\desktop\acsl\minisvlib\modules\minisvkml\src\debug\vc120.idb
c:\users\hello\desktop\acsl\minisvlib\modules\minisvkml\src\debug\vc120.pdb
c:\users\hello\desktop\acsl\minisvlib\modules\minisvkml\src\..\lib\minisvkmld.lib
c:\users\hello\desktop\acsl\minisvlib\modules\minisvkml\src\debug\minisvkml.tlog\cl.command.1.tlog
c:\users\hello\desktop\acsl\minisvlib\modules\minisvkml\src\debug\minisvkml.tlog\cl.read.1.tlog
c:\users\hello\desktop\acsl\minisvlib\modules\minisvkml\src\debug\minisvkml.tlog\cl.write.1.tlog
c:\users\hello\desktop\acsl\minisvlib\modules\minisvkml\src\debug\minisvkml.tlog\lib-link.read.1.tlog
c:\users\hello\desktop\acsl\minisvlib\modules\minisvkml\src\debug\minisvkml.tlog\lib-link.write.1.tlog
c:\users\hello\desktop\acsl\minisvlib\modules\minisvkml\src\debug\minisvkml.tlog\lib.command.1.tlog
