c:\users\ogawa\documents\02_開発\02_msap\minisv_gcs\trunk\version1\minisvlib\modules\minisvxmldatamanage\src\debug\minisvxmldatamanaged.pch
c:\users\ogawa\documents\02_開発\02_msap\minisv_gcs\trunk\version1\minisvlib\modules\minisvxmldatamanage\src\debug\vc120.pdb
c:\users\ogawa\documents\02_開発\02_msap\minisv_gcs\trunk\version1\minisvlib\modules\minisvxmldatamanage\src\debug\vc120.idb
c:\users\ogawa\documents\02_開発\02_msap\minisv_gcs\trunk\version1\minisvlib\modules\minisvxmldatamanage\src\debug\stdafx.obj
c:\users\ogawa\documents\02_開発\02_msap\minisv_gcs\trunk\version1\minisvlib\modules\minisvxmldatamanage\src\debug\base64data.obj
c:\users\ogawa\documents\02_開発\02_msap\minisv_gcs\trunk\version1\minisvlib\modules\minisvxmldatamanage\src\debug\datamanage.obj
c:\users\ogawa\documents\02_開発\02_msap\minisv_gcs\trunk\version1\minisvlib\modules\minisvxmldatamanage\src\debug\flightlog.obj
c:\users\ogawa\documents\02_開発\02_msap\minisv_gcs\trunk\version1\minisvlib\modules\minisvxmldatamanage\src\debug\logger.obj
c:\users\ogawa\documents\02_開発\02_msap\minisv_gcs\trunk\version1\minisvlib\modules\minisvxmldatamanage\src\debug\strxml.obj
c:\users\ogawa\documents\02_開発\02_msap\minisv_gcs\trunk\version1\minisvlib\modules\minisvxmldatamanage\src\debug\xmldata.obj
c:\users\ogawa\documents\02_開発\02_msap\minisv_gcs\trunk\version1\minisvlib\modules\minisvxmldatamanage\src\debug\xmlmessage.obj
c:\users\ogawa\documents\02_開発\02_msap\minisv_gcs\trunk\version1\minisvlib\modules\minisvxmldatamanage\src\debug\xmlmsgattribute.obj
c:\users\ogawa\documents\02_開発\02_msap\minisv_gcs\trunk\version1\minisvlib\modules\minisvxmldatamanage\lib\minisvxmldatamanaged.lib
c:\users\hello\desktop\acsl\minisvlib\modules\minisvxmldatamanage\src\debug\base64data.obj
c:\users\hello\desktop\acsl\minisvlib\modules\minisvxmldatamanage\src\debug\datamanage.obj
c:\users\hello\desktop\acsl\minisvlib\modules\minisvxmldatamanage\src\debug\flightlog.obj
c:\users\hello\desktop\acsl\minisvlib\modules\minisvxmldatamanage\src\debug\logger.obj
c:\users\hello\desktop\acsl\minisvlib\modules\minisvxmldatamanage\src\debug\stdafx.obj
c:\users\hello\desktop\acsl\minisvlib\modules\minisvxmldatamanage\src\debug\strxml.obj
c:\users\hello\desktop\acsl\minisvlib\modules\minisvxmldatamanage\src\debug\xmldata.obj
c:\users\hello\desktop\acsl\minisvlib\modules\minisvxmldatamanage\src\debug\xmlmessage.obj
c:\users\hello\desktop\acsl\minisvlib\modules\minisvxmldatamanage\src\debug\xmlmsgattribute.obj
c:\users\hello\desktop\acsl\minisvlib\modules\minisvxmldatamanage\src\debug\msxml6.tli
c:\users\hello\desktop\acsl\minisvlib\modules\minisvxmldatamanage\src\debug\msxml6.tlh
c:\users\hello\desktop\acsl\minisvlib\modules\minisvxmldatamanage\src\debug\minisvxmldatamanaged.pch
c:\users\hello\desktop\acsl\minisvlib\modules\minisvxmldatamanage\src\debug\vc120.idb
c:\users\hello\desktop\acsl\minisvlib\modules\minisvxmldatamanage\src\debug\vc120.pdb
c:\users\hello\desktop\acsl\minisvlib\modules\minisvxmldatamanage\src\..\lib\minisvxmldatamanaged.lib
c:\users\hello\desktop\acsl\minisvlib\modules\minisvxmldatamanage\src\debug\minisvxm.eeb39931.tlog\cl.command.1.tlog
c:\users\hello\desktop\acsl\minisvlib\modules\minisvxmldatamanage\src\debug\minisvxm.eeb39931.tlog\cl.read.1.tlog
c:\users\hello\desktop\acsl\minisvlib\modules\minisvxmldatamanage\src\debug\minisvxm.eeb39931.tlog\cl.write.1.tlog
c:\users\hello\desktop\acsl\minisvlib\modules\minisvxmldatamanage\src\debug\minisvxm.eeb39931.tlog\lib-link.read.1.tlog
c:\users\hello\desktop\acsl\minisvlib\modules\minisvxmldatamanage\src\debug\minisvxm.eeb39931.tlog\lib-link.write.1.tlog
c:\users\hello\desktop\acsl\minisvlib\modules\minisvxmldatamanage\src\debug\minisvxm.eeb39931.tlog\lib.command.1.tlog
