Build started 2016/1/13 11:29:21.
     1>Project "C:\Users\hello\Desktop\acsl\miniSvLib\modules\miniSvXmlDataManage\src\miniSvXmlDataManage.vcxproj" on node 5 (Rebuild target(s)).
     1>ClCompile:
         D:\Program Files\Microsoft Visual Studio 12.0\VC\bin\CL.exe /c /I..\include /ZI /nologo /W3 /WX- /sdl /Od /Oy- /D WIN32 /D _DEBUG /D _LIB /D _UNICODE /D UNICODE /Gm /EHsc /RTC1 /MTd /GS /fp:precise /Zc:wchar_t /Zc:forScope /Yc"stdafx.h" /Fp"Debug\miniSvXmlDataManageD.pch" /Fo"Debug\\" /Fd"Debug\vc120.pdb" /Gd /TP /analyze- /errorReport:prompt stdafx.cpp
         stdafx.cpp
         D:\Program Files\Microsoft Visual Studio 12.0\VC\bin\CL.exe /c /I..\include /ZI /nologo /W3 /WX- /sdl /Od /Oy- /D WIN32 /D _DEBUG /D _LIB /D _UNICODE /D UNICODE /Gm /EHsc /RTC1 /MTd /GS /fp:precise /Zc:wchar_t /Zc:forScope /Yu"stdafx.h" /Fp"Debug\miniSvXmlDataManageD.pch" /Fo"Debug\\" /Fd"Debug\vc120.pdb" /Gd /TP /analyze- /errorReport:prompt Base64Data.cpp DataManage.cpp FlightLog.cpp Logger.cpp StrXml.cpp XmlData.cpp XmlMessage.cpp XmlMsgAttribute.cpp
         XmlMsgAttribute.cpp
         XmlMessage.cpp
         XmlData.cpp
         StrXml.cpp
         Logger.cpp
         FlightLog.cpp
         DataManage.cpp
     1>c:\users\hello\desktop\acsl\minisvlib\modules\minisvxmldatamanage\src\datamanage.cpp(3199): warning C4101: 'test_decode' : unreferenced local variable
     1>c:\users\hello\desktop\acsl\minisvlib\modules\minisvxmldatamanage\src\datamanage.cpp(3200): warning C4101: 'outsize' : unreferenced local variable
         Base64Data.cpp
         Generating Code...
       Lib:
         D:\Program Files\Microsoft Visual Studio 12.0\VC\bin\Lib.exe /OUT:"..\lib\miniSvXmlDataManageD.lib" Crypt32.lib /NOLOGO Debug\Base64Data.obj
         Debug\DataManage.obj
         Debug\FlightLog.obj
         Debug\Logger.obj
         Debug\stdafx.obj
         Debug\StrXml.obj
         Debug\XmlData.obj
         Debug\XmlMessage.obj
         Debug\XmlMsgAttribute.obj
         miniSvXmlDataManage.vcxproj -> C:\Users\hello\Desktop\acsl\miniSvLib\modules\miniSvXmlDataManage\src\..\lib\miniSvXmlDataManageD.lib
       PostBuildEvent:
         copy ..\include\*.h ..\..\..\include\
         copy ..\lib\miniSvXmlDataManageD.lib ..\..\..\lib\
         :VCEnd
         ..\include\Base64Data.h
         ..\include\DataManage.h
         ..\include\FlightLog.h
         ..\include\Logger.h
         ..\include\StrXml.h
         ..\include\XmlData.h
         ..\include\XmlMessage.h
         ..\include\XmlMsgAttribute.h
         已复制         8 个文件。
         已复制         1 个文件。
     1>Done Building Project "C:\Users\hello\Desktop\acsl\miniSvLib\modules\miniSvXmlDataManage\src\miniSvXmlDataManage.vcxproj" (Rebuild target(s)).

Build succeeded.

Time Elapsed 00:00:15.16
