d:\vs2013_project\acsl\minisvlib\modules\minisvkml\lib\minisvkml.bsc
d:\vs2013_project\acsl\minisvlib\modules\minisvkml\src\release\minisvkml.pch
d:\vs2013_project\acsl\minisvlib\modules\minisvkml\src\release\vc120.pdb
d:\vs2013_project\acsl\minisvlib\modules\minisvkml\src\release\stdafx.sbr
d:\vs2013_project\acsl\minisvlib\modules\minisvkml\src\release\stdafx.obj
d:\vs2013_project\acsl\minisvlib\modules\minisvkml\src\release\kmllogger.sbr
d:\vs2013_project\acsl\minisvlib\modules\minisvkml\src\release\kmllogger.obj
d:\vs2013_project\acsl\minisvlib\modules\minisvkml\lib\minisvkml.lib
d:\vs2013_project\acsl\minisvlib\modules\minisvkml\src\release\msxml6.tli
d:\vs2013_project\acsl\minisvlib\modules\minisvkml\src\release\msxml6.tlh
d:\vs2013_project\acsl\minisvlib\modules\minisvkml\src\..\lib\minisvkml.lib
d:\vs2013_project\acsl\minisvlib\modules\minisvkml\src\release\minisvkml.tlog\bscmake.command.1.tlog
d:\vs2013_project\acsl\minisvlib\modules\minisvkml\src\release\minisvkml.tlog\bscmake.read.1.tlog
d:\vs2013_project\acsl\minisvlib\modules\minisvkml\src\release\minisvkml.tlog\bscmake.write.1.tlog
d:\vs2013_project\acsl\minisvlib\modules\minisvkml\src\release\minisvkml.tlog\cl.command.1.tlog
d:\vs2013_project\acsl\minisvlib\modules\minisvkml\src\release\minisvkml.tlog\cl.read.1.tlog
d:\vs2013_project\acsl\minisvlib\modules\minisvkml\src\release\minisvkml.tlog\cl.write.1.tlog
d:\vs2013_project\acsl\minisvlib\modules\minisvkml\src\release\minisvkml.tlog\lib-link.read.1.tlog
d:\vs2013_project\acsl\minisvlib\modules\minisvkml\src\release\minisvkml.tlog\lib-link.write.1.tlog
d:\vs2013_project\acsl\minisvlib\modules\minisvkml\src\release\minisvkml.tlog\lib.command.1.tlog
