c:\users\ogawa\documents\02_開発\02_msap\minisv_gcs\trunk\version1\x-monitor_recplay\src\x-monitor_play\debug\x-monitor_playd.pch
c:\users\ogawa\documents\02_開発\02_msap\minisv_gcs\trunk\version1\x-monitor_recplay\src\x-monitor_play\debug\vc120.pdb
c:\users\ogawa\documents\02_開発\02_msap\minisv_gcs\trunk\version1\x-monitor_recplay\src\x-monitor_play\debug\vc120.idb
c:\users\ogawa\documents\02_開発\02_msap\minisv_gcs\trunk\version1\x-monitor_recplay\src\x-monitor_play\debug\stdafx.obj
c:\users\ogawa\documents\02_開発\02_msap\minisv_gcs\trunk\version1\x-monitor_recplay\src\x-monitor_play\debug\x-monitor_play.obj
c:\users\ogawa\documents\02_開発\02_msap\minisv_gcs\trunk\version1\acsl\core\x-monitor_playd.ilk
c:\users\ogawa\documents\02_開発\02_msap\minisv_gcs\trunk\version1\acsl\core\x-monitor_playd.exe
c:\users\ogawa\documents\02_開発\02_msap\minisv_gcs\trunk\version1\acsl\core\x-monitor_playd.pdb
c:\users\hello\desktop\acsl\x-monitor_recplay\src\x-monitor_play\debug\stdafx.obj
c:\users\hello\desktop\acsl\x-monitor_recplay\src\x-monitor_play\debug\x-monitor_play.obj
c:\users\hello\desktop\acsl\x-monitor_recplay\src\x-monitor_play\debug\msxml6.tli
c:\users\hello\desktop\acsl\x-monitor_recplay\src\x-monitor_play\debug\msxml6.tlh
c:\users\hello\desktop\acsl\x-monitor_recplay\src\x-monitor_play\debug\x-monitor_playd.pch
c:\users\hello\desktop\acsl\x-monitor_recplay\src\x-monitor_play\debug\vc120.idb
c:\users\hello\desktop\acsl\x-monitor_recplay\src\x-monitor_play\debug\vc120.pdb
c:\users\hello\desktop\acsl\x-monitor_recplay\src\x-monitor_play\..\..\..\acsl\core\x-monitor_playd.exe
c:\users\hello\desktop\acsl\x-monitor_recplay\src\x-monitor_play\debug\x-monitor_play.tlog\cl.command.1.tlog
c:\users\hello\desktop\acsl\x-monitor_recplay\src\x-monitor_play\debug\x-monitor_play.tlog\cl.read.1.tlog
c:\users\hello\desktop\acsl\x-monitor_recplay\src\x-monitor_play\debug\x-monitor_play.tlog\cl.write.1.tlog
c:\users\hello\desktop\acsl\x-monitor_recplay\src\x-monitor_play\debug\x-monitor_play.tlog\link.command.1.tlog
c:\users\hello\desktop\acsl\x-monitor_recplay\src\x-monitor_play\debug\x-monitor_play.tlog\link.read.1.tlog
c:\users\hello\desktop\acsl\x-monitor_recplay\src\x-monitor_play\debug\x-monitor_play.tlog\link.write.1.tlog
