生成启动时间为 2017/4/24 星期一 下午 4:01:40。
     1>项目“D:\VS2013_Project\acsl\commonLib\modules\debugWrite\src\debugWrite.vcxproj”在节点 3 上(Rebuild 个目标)。
     1>ClCompile:
         D:\Program Files\Microsoft Visual Studio 12.0\VC\bin\CL.exe /c /I..\include /I..\..\..\include /Zi /nologo /W3 /WX- /sdl /O2 /Oi /Oy- /GL /D WIN32 /D NDEBUG /D _LIB /D _UNICODE /D UNICODE /Gm- /EHsc /MT /GS /Gy /fp:precise /Zc:wchar_t /Zc:forScope /Yc"stdafx.h" /Fp"Release\debugWrite.pch" /Fo"Release\\" /Fd"Release\vc120.pdb" /FR"Release\\" /Gd /TP /analyze- /errorReport:prompt stdafx.cpp
         stdafx.cpp
         D:\Program Files\Microsoft Visual Studio 12.0\VC\bin\CL.exe /c /I..\include /I..\..\..\include /Zi /nologo /W3 /WX- /sdl /O2 /Oi /Oy- /GL /D WIN32 /D NDEBUG /D _LIB /D _UNICODE /D UNICODE /Gm- /EHsc /MT /GS /Gy /fp:precise /Zc:wchar_t /Zc:forScope /Yu"stdafx.h" /Fp"Release\debugWrite.pch" /Fo"Release\\" /Fd"Release\vc120.pdb" /FR"Release\\" /Gd /TP /analyze- /errorReport:prompt debug.cpp
         debug.cpp
       Lib:
         D:\Program Files\Microsoft Visual Studio 12.0\VC\bin\Lib.exe /OUT:"..\lib\debugWrite.lib" /NOLOGO /LTCG Release\debug.obj
         Release\stdafx.obj
         debugWrite.vcxproj -> D:\VS2013_Project\acsl\commonLib\modules\debugWrite\src\..\lib\debugWrite.lib
       BscMake:
         D:\Program Files\Microsoft Visual Studio 12.0\VC\bin\bscmake.exe /nologo /o"..\lib\debugWrite.bsc" /n Release\debug.sbr Release\stdafx.sbr
       PostBuildEvent:
         copy ..\include\*.h ..\..\..\include\
         copy ..\lib\debugWrite.lib ..\..\..\lib\
         :VCEnd
         ..\include\debug.h
         已复制         1 个文件。
         已复制         1 个文件。
     1>已完成生成项目“D:\VS2013_Project\acsl\commonLib\modules\debugWrite\src\debugWrite.vcxproj”(Rebuild 个目标)的操作。

生成成功。

已用时间 00:00:06.86
