生成启动时间为 2017/4/24 星期一 下午 4:01:13。
     1>项目“D:\VS2013_Project\acsl\miniSvLib\modules\miniSvXmlDataManage\src\miniSvXmlDataManage.vcxproj”在节点 5 上(Rebuild 个目标)。
     1>ClCompile:
         D:\Program Files\Microsoft Visual Studio 12.0\VC\bin\CL.exe /c /I..\include /Zi /nologo /W3 /WX- /sdl /O2 /Oi /Oy- /GL /D WIN32 /D NDEBUG /D _LIB /D _UNICODE /D UNICODE /Gm- /EHsc /MT /GS /Gy /fp:precise /Zc:wchar_t /Zc:forScope /Yc"stdafx.h" /Fp"Release\miniSvXmlDataManage.pch" /Fo"Release\\" /Fd"Release\vc120.pdb" /FR"Release\\" /Gd /TP /analyze- /errorReport:prompt stdafx.cpp
         stdafx.cpp
         D:\Program Files\Microsoft Visual Studio 12.0\VC\bin\CL.exe /c /I..\include /Zi /nologo /W3 /WX- /sdl /O2 /Oi /Oy- /GL /D WIN32 /D NDEBUG /D _LIB /D _UNICODE /D UNICODE /Gm- /EHsc /MT /GS /Gy /fp:precise /Zc:wchar_t /Zc:forScope /Yu"stdafx.h" /Fp"Release\miniSvXmlDataManage.pch" /Fo"Release\\" /Fd"Release\vc120.pdb" /FR"Release\\" /Gd /TP /analyze- /errorReport:prompt Base64Data.cpp DataManage.cpp FlightLog.cpp Logger.cpp StrXml.cpp XmlData.cpp XmlMessage.cpp XmlMsgAttribute.cpp
         Base64Data.cpp
         DataManage.cpp
     1>DataManage.cpp(3199): warning C4101: “test_decode”: 未引用的局部变量
     1>DataManage.cpp(3200): warning C4101: “outsize”: 未引用的局部变量
         FlightLog.cpp
         Logger.cpp
         StrXml.cpp
         XmlData.cpp
         XmlMessage.cpp
         XmlMsgAttribute.cpp
       Lib:
         D:\Program Files\Microsoft Visual Studio 12.0\VC\bin\Lib.exe /OUT:"..\lib\miniSvXmlDataManage.lib" Crypt32.lib /NOLOGO /LTCG Release\Base64Data.obj
         Release\DataManage.obj
         Release\FlightLog.obj
         Release\Logger.obj
         Release\stdafx.obj
         Release\StrXml.obj
         Release\XmlData.obj
         Release\XmlMessage.obj
         Release\XmlMsgAttribute.obj
         miniSvXmlDataManage.vcxproj -> D:\VS2013_Project\acsl\miniSvLib\modules\miniSvXmlDataManage\src\..\lib\miniSvXmlDataManage.lib
       BscMake:
         D:\Program Files\Microsoft Visual Studio 12.0\VC\bin\bscmake.exe /nologo /o"..\lib\miniSvXmlDataManage.bsc" /n Release\Base64Data.sbr Release\DataManage.sbr Release\FlightLog.sbr Release\Logger.sbr Release\stdafx.sbr Release\StrXml.sbr Release\XmlData.sbr Release\XmlMessage.sbr Release\XmlMsgAttribute.sbr
       PostBuildEvent:
         copy ..\include\*.h ..\..\..\include\
         copy ..\lib\miniSvXmlDataManage.lib ..\..\..\lib\
         :VCEnd
         ..\include\Base64Data.h
         ..\include\DataManage.h
         ..\include\FlightLog.h
         ..\include\Logger.h
         ..\include\StrXml.h
         ..\include\XmlData.h
         ..\include\XmlMessage.h
         ..\include\XmlMsgAttribute.h
         已复制         8 个文件。
         已复制         1 个文件。
     1>已完成生成项目“D:\VS2013_Project\acsl\miniSvLib\modules\miniSvXmlDataManage\src\miniSvXmlDataManage.vcxproj”(Rebuild 个目标)的操作。

生成成功。

已用时间 00:00:33.19
