d:\vs2013_project\acsl\minisvlib\modules\minisvxmldatamanage\lib\minisvxmldatamanage.bsc
d:\vs2013_project\acsl\minisvlib\modules\minisvxmldatamanage\src\release\minisvxmldatamanage.pch
d:\vs2013_project\acsl\minisvlib\modules\minisvxmldatamanage\src\release\vc120.pdb
d:\vs2013_project\acsl\minisvlib\modules\minisvxmldatamanage\src\release\stdafx.sbr
d:\vs2013_project\acsl\minisvlib\modules\minisvxmldatamanage\src\release\stdafx.obj
d:\vs2013_project\acsl\minisvlib\modules\minisvxmldatamanage\src\release\base64data.sbr
d:\vs2013_project\acsl\minisvlib\modules\minisvxmldatamanage\src\release\datamanage.sbr
d:\vs2013_project\acsl\minisvlib\modules\minisvxmldatamanage\src\release\flightlog.sbr
d:\vs2013_project\acsl\minisvlib\modules\minisvxmldatamanage\src\release\logger.sbr
d:\vs2013_project\acsl\minisvlib\modules\minisvxmldatamanage\src\release\strxml.sbr
d:\vs2013_project\acsl\minisvlib\modules\minisvxmldatamanage\src\release\xmldata.sbr
d:\vs2013_project\acsl\minisvlib\modules\minisvxmldatamanage\src\release\xmlmessage.sbr
d:\vs2013_project\acsl\minisvlib\modules\minisvxmldatamanage\src\release\xmlmsgattribute.sbr
d:\vs2013_project\acsl\minisvlib\modules\minisvxmldatamanage\src\release\xmlmsgattribute.obj
d:\vs2013_project\acsl\minisvlib\modules\minisvxmldatamanage\src\release\xmlmessage.obj
d:\vs2013_project\acsl\minisvlib\modules\minisvxmldatamanage\src\release\xmldata.obj
d:\vs2013_project\acsl\minisvlib\modules\minisvxmldatamanage\src\release\strxml.obj
d:\vs2013_project\acsl\minisvlib\modules\minisvxmldatamanage\src\release\logger.obj
d:\vs2013_project\acsl\minisvlib\modules\minisvxmldatamanage\src\release\flightlog.obj
d:\vs2013_project\acsl\minisvlib\modules\minisvxmldatamanage\src\release\datamanage.obj
d:\vs2013_project\acsl\minisvlib\modules\minisvxmldatamanage\src\release\base64data.obj
d:\vs2013_project\acsl\minisvlib\modules\minisvxmldatamanage\lib\minisvxmldatamanage.lib
d:\vs2013_project\acsl\minisvlib\modules\minisvxmldatamanage\src\release\msxml6.tli
d:\vs2013_project\acsl\minisvlib\modules\minisvxmldatamanage\src\release\msxml6.tlh
d:\vs2013_project\acsl\minisvlib\modules\minisvxmldatamanage\src\..\lib\minisvxmldatamanage.lib
d:\vs2013_project\acsl\minisvlib\modules\minisvxmldatamanage\src\release\minisvxm.eeb39931.tlog\bscmake.command.1.tlog
d:\vs2013_project\acsl\minisvlib\modules\minisvxmldatamanage\src\release\minisvxm.eeb39931.tlog\bscmake.read.1.tlog
d:\vs2013_project\acsl\minisvlib\modules\minisvxmldatamanage\src\release\minisvxm.eeb39931.tlog\bscmake.write.1.tlog
d:\vs2013_project\acsl\minisvlib\modules\minisvxmldatamanage\src\release\minisvxm.eeb39931.tlog\cl.command.1.tlog
d:\vs2013_project\acsl\minisvlib\modules\minisvxmldatamanage\src\release\minisvxm.eeb39931.tlog\cl.read.1.tlog
d:\vs2013_project\acsl\minisvlib\modules\minisvxmldatamanage\src\release\minisvxm.eeb39931.tlog\cl.write.1.tlog
d:\vs2013_project\acsl\minisvlib\modules\minisvxmldatamanage\src\release\minisvxm.eeb39931.tlog\lib-link.read.1.tlog
d:\vs2013_project\acsl\minisvlib\modules\minisvxmldatamanage\src\release\minisvxm.eeb39931.tlog\lib-link.write.1.tlog
d:\vs2013_project\acsl\minisvlib\modules\minisvxmldatamanage\src\release\minisvxm.eeb39931.tlog\lib.command.1.tlog
