d:\vs2013_project\acsl\minisvlib\modules\minisvsock\lib\minisvsock.bsc
d:\vs2013_project\acsl\minisvlib\modules\minisvsock\src\release\minisvsock.pch
d:\vs2013_project\acsl\minisvlib\modules\minisvsock\src\release\vc120.pdb
d:\vs2013_project\acsl\minisvlib\modules\minisvsock\src\release\stdafx.sbr
d:\vs2013_project\acsl\minisvlib\modules\minisvsock\src\release\stdafx.obj
d:\vs2013_project\acsl\minisvlib\modules\minisvsock\src\release\mynetworkextension.sbr
d:\vs2013_project\acsl\minisvlib\modules\minisvsock\src\release\npnetworkextension.sbr
d:\vs2013_project\acsl\minisvlib\modules\minisvsock\src\release\npnetworkextension.obj
d:\vs2013_project\acsl\minisvlib\modules\minisvsock\src\release\mynetworkextension.obj
d:\vs2013_project\acsl\minisvlib\modules\minisvsock\lib\minisvsock.lib
d:\vs2013_project\acsl\minisvlib\modules\minisvsock\src\..\lib\minisvsock.lib
d:\vs2013_project\acsl\minisvlib\modules\minisvsock\src\release\minisvsock.tlog\bscmake.command.1.tlog
d:\vs2013_project\acsl\minisvlib\modules\minisvsock\src\release\minisvsock.tlog\bscmake.read.1.tlog
d:\vs2013_project\acsl\minisvlib\modules\minisvsock\src\release\minisvsock.tlog\bscmake.write.1.tlog
d:\vs2013_project\acsl\minisvlib\modules\minisvsock\src\release\minisvsock.tlog\cl.command.1.tlog
d:\vs2013_project\acsl\minisvlib\modules\minisvsock\src\release\minisvsock.tlog\cl.read.1.tlog
d:\vs2013_project\acsl\minisvlib\modules\minisvsock\src\release\minisvsock.tlog\cl.write.1.tlog
d:\vs2013_project\acsl\minisvlib\modules\minisvsock\src\release\minisvsock.tlog\lib-link.read.1.tlog
d:\vs2013_project\acsl\minisvlib\modules\minisvsock\src\release\minisvsock.tlog\lib-link.write.1.tlog
d:\vs2013_project\acsl\minisvlib\modules\minisvsock\src\release\minisvsock.tlog\lib.command.1.tlog
