c:\users\ogawa\documents\02_開発\02_msap\minisv_gcs\trunk\version1\minisvlib\modules\minisvwirelessdevice\src\debug\minisvwirelessdeviced.pch
c:\users\ogawa\documents\02_開発\02_msap\minisv_gcs\trunk\version1\minisvlib\modules\minisvwirelessdevice\src\debug\vc120.pdb
c:\users\ogawa\documents\02_開発\02_msap\minisv_gcs\trunk\version1\minisvlib\modules\minisvwirelessdevice\src\debug\vc120.idb
c:\users\ogawa\documents\02_開発\02_msap\minisv_gcs\trunk\version1\minisvlib\modules\minisvwirelessdevice\src\debug\stdafx.obj
c:\users\ogawa\documents\02_開発\02_msap\minisv_gcs\trunk\version1\minisvlib\modules\minisvwirelessdevice\src\debug\connectioncreator_win.obj
c:\users\ogawa\documents\02_開発\02_msap\minisv_gcs\trunk\version1\minisvlib\modules\minisvwirelessdevice\src\debug\systemtime.obj
c:\users\ogawa\documents\02_開発\02_msap\minisv_gcs\trunk\version1\minisvlib\modules\minisvwirelessdevice\src\debug\scidevice.obj
c:\users\ogawa\documents\02_開発\02_msap\minisv_gcs\trunk\version1\minisvlib\modules\minisvwirelessdevice\src\debug\wirelessdevice_fep.obj
c:\users\ogawa\documents\02_開発\02_msap\minisv_gcs\trunk\version1\minisvlib\modules\minisvwirelessdevice\lib\minisvwirelessdeviced.lib
c:\users\hello\desktop\acsl\minisvlib\modules\minisvwirelessdevice\src\debug\connectioncreator_win.obj
c:\users\hello\desktop\acsl\minisvlib\modules\minisvwirelessdevice\src\debug\scidevice.obj
c:\users\hello\desktop\acsl\minisvlib\modules\minisvwirelessdevice\src\debug\stdafx.obj
c:\users\hello\desktop\acsl\minisvlib\modules\minisvwirelessdevice\src\debug\systemtime.obj
c:\users\hello\desktop\acsl\minisvlib\modules\minisvwirelessdevice\src\debug\wirelessdevice_fep.obj
c:\users\hello\desktop\acsl\minisvlib\modules\minisvwirelessdevice\src\debug\minisvwirelessdeviced.pch
c:\users\hello\desktop\acsl\minisvlib\modules\minisvwirelessdevice\src\debug\vc120.idb
c:\users\hello\desktop\acsl\minisvlib\modules\minisvwirelessdevice\src\debug\vc120.pdb
c:\users\hello\desktop\acsl\minisvlib\modules\minisvwirelessdevice\src\..\lib\minisvwirelessdeviced.lib
c:\users\hello\desktop\acsl\minisvlib\modules\minisvwirelessdevice\src\debug\minisvwi.71efb72a.tlog\cl.command.1.tlog
c:\users\hello\desktop\acsl\minisvlib\modules\minisvwirelessdevice\src\debug\minisvwi.71efb72a.tlog\cl.read.1.tlog
c:\users\hello\desktop\acsl\minisvlib\modules\minisvwirelessdevice\src\debug\minisvwi.71efb72a.tlog\cl.write.1.tlog
c:\users\hello\desktop\acsl\minisvlib\modules\minisvwirelessdevice\src\debug\minisvwi.71efb72a.tlog\lib-link.read.1.tlog
c:\users\hello\desktop\acsl\minisvlib\modules\minisvwirelessdevice\src\debug\minisvwi.71efb72a.tlog\lib-link.write.1.tlog
c:\users\hello\desktop\acsl\minisvlib\modules\minisvwirelessdevice\src\debug\minisvwi.71efb72a.tlog\lib.command.1.tlog
