Build started 2016/1/13 11:29:36.
     1>Project "C:\Users\hello\Desktop\acsl\miniSvLib\modules\miniSvWirelessDevice\src\miniSvWirelessDevice.vcxproj" on node 4 (Rebuild target(s)).
     1>ClCompile:
         D:\Program Files\Microsoft Visual Studio 12.0\VC\bin\CL.exe /c /I..\include /I..\..\..\include /I..\..\..\..\commonLib\include /ZI /nologo /W3 /WX- /sdl /Od /Oy- /D WIN32 /D _DEBUG /D _LIB /D _UNICODE /D UNICODE /Gm /EHsc /RTC1 /MTd /GS /fp:precise /Zc:wchar_t /Zc:forScope /Yc"stdafx.h" /Fp"Debug\miniSvWirelessDeviceD.pch" /Fo"Debug\\" /Fd"Debug\vc120.pdb" /Gd /TP /analyze- /errorReport:prompt stdafx.cpp
         stdafx.cpp
         D:\Program Files\Microsoft Visual Studio 12.0\VC\bin\CL.exe /c /I..\include /I..\..\..\include /I..\..\..\..\commonLib\include /ZI /nologo /W3 /WX- /sdl /Od /Oy- /D WIN32 /D _DEBUG /D _LIB /D _UNICODE /D UNICODE /Gm /EHsc /RTC1 /MTd /GS /fp:precise /Zc:wchar_t /Zc:forScope /Fo"Debug\\" /Fd"Debug\vc120.pdb" /Gd /TP /analyze- /errorReport:prompt ..\..\..\include\Common\ConnectionCreator_Win.cpp ..\..\..\include\Common\SystemTime.cpp ..\..\..\include\Lib\SCIDevice.cpp WirelessDevice_FEP.cpp
         WirelessDevice_FEP.cpp
         SCIDevice.cpp
         SystemTime.cpp
         ConnectionCreator_Win.cpp
         Generating Code...
       Lib:
         D:\Program Files\Microsoft Visual Studio 12.0\VC\bin\Lib.exe /OUT:"..\lib\miniSvWirelessDeviceD.lib" /NOLOGO Debug\ConnectionCreator_Win.obj
         Debug\SystemTime.obj
         Debug\SCIDevice.obj
         Debug\stdafx.obj
         Debug\WirelessDevice_FEP.obj
         miniSvWirelessDevice.vcxproj -> C:\Users\hello\Desktop\acsl\miniSvLib\modules\miniSvWirelessDevice\src\..\lib\miniSvWirelessDeviceD.lib
       PostBuildEvent:
         copy ..\include\*.h ..\..\..\include\
         copy ..\lib\miniSvWirelessDeviceD.lib ..\..\..\lib\
         :VCEnd
         ..\include\SystemTimeSetter.h
         ..\include\SystemTimeSetter_Win.h
         ..\include\WirelessDevice.h
         ..\include\WirelessDevice_FEP.h
         已复制         4 个文件。
         已复制         1 个文件。
     1>Done Building Project "C:\Users\hello\Desktop\acsl\miniSvLib\modules\miniSvWirelessDevice\src\miniSvWirelessDevice.vcxproj" (Rebuild target(s)).

Build succeeded.

Time Elapsed 00:00:04.03
