d:\vs2013_project\acsl\commonlib\modules\socket\lib\socket.bsc
d:\vs2013_project\acsl\commonlib\modules\socket\src\release\socket.pch
d:\vs2013_project\acsl\commonlib\modules\socket\src\release\vc120.pdb
d:\vs2013_project\acsl\commonlib\modules\socket\src\release\stdafx.sbr
d:\vs2013_project\acsl\commonlib\modules\socket\src\release\stdafx.obj
d:\vs2013_project\acsl\commonlib\modules\socket\src\release\winsocktcp2.sbr
d:\vs2013_project\acsl\commonlib\modules\socket\src\release\wsadebug.sbr
d:\vs2013_project\acsl\commonlib\modules\socket\src\release\wsadebug.obj
d:\vs2013_project\acsl\commonlib\modules\socket\src\release\winsocktcp2.obj
d:\vs2013_project\acsl\commonlib\modules\socket\lib\socket.lib
d:\vs2013_project\acsl\commonlib\modules\socket\src\..\lib\socket.lib
d:\vs2013_project\acsl\commonlib\modules\socket\src\release\socket.tlog\bscmake.command.1.tlog
d:\vs2013_project\acsl\commonlib\modules\socket\src\release\socket.tlog\bscmake.read.1.tlog
d:\vs2013_project\acsl\commonlib\modules\socket\src\release\socket.tlog\bscmake.write.1.tlog
d:\vs2013_project\acsl\commonlib\modules\socket\src\release\socket.tlog\cl.command.1.tlog
d:\vs2013_project\acsl\commonlib\modules\socket\src\release\socket.tlog\cl.read.1.tlog
d:\vs2013_project\acsl\commonlib\modules\socket\src\release\socket.tlog\cl.write.1.tlog
d:\vs2013_project\acsl\commonlib\modules\socket\src\release\socket.tlog\lib-link.read.1.tlog
d:\vs2013_project\acsl\commonlib\modules\socket\src\release\socket.tlog\lib-link.write.1.tlog
d:\vs2013_project\acsl\commonlib\modules\socket\src\release\socket.tlog\lib.command.1.tlog
