d:\vs2013_project\acsl\minisvlib\modules\minisvuavlink\lib\minisvuavlink.bsc
d:\vs2013_project\acsl\minisvlib\modules\minisvuavlink\src\release\minisvuavlink.pch
d:\vs2013_project\acsl\minisvlib\modules\minisvuavlink\src\release\vc120.pdb
d:\vs2013_project\acsl\minisvlib\modules\minisvuavlink\src\release\stdafx.sbr
d:\vs2013_project\acsl\minisvlib\modules\minisvuavlink\src\release\stdafx.obj
d:\vs2013_project\acsl\minisvlib\modules\minisvuavlink\src\release\udp.sbr
d:\vs2013_project\acsl\minisvlib\modules\minisvuavlink\src\release\scidevice.sbr
d:\vs2013_project\acsl\minisvlib\modules\minisvuavlink\src\release\sci_win.sbr
d:\vs2013_project\acsl\minisvlib\modules\minisvuavlink\src\release\sci_win.obj
d:\vs2013_project\acsl\minisvlib\modules\minisvuavlink\src\release\scidevice.obj
d:\vs2013_project\acsl\minisvlib\modules\minisvuavlink\src\release\udp.obj
d:\vs2013_project\acsl\minisvlib\modules\minisvuavlink\src\release\uavlink.sbr
d:\vs2013_project\acsl\minisvlib\modules\minisvuavlink\src\release\uavlink.obj
d:\vs2013_project\acsl\minisvlib\modules\minisvuavlink\lib\minisvuavlink.lib
d:\vs2013_project\acsl\minisvlib\modules\minisvuavlink\src\..\lib\minisvuavlink.lib
d:\vs2013_project\acsl\minisvlib\modules\minisvuavlink\src\release\minisvuavlink.tlog\bscmake.command.1.tlog
d:\vs2013_project\acsl\minisvlib\modules\minisvuavlink\src\release\minisvuavlink.tlog\bscmake.read.1.tlog
d:\vs2013_project\acsl\minisvlib\modules\minisvuavlink\src\release\minisvuavlink.tlog\bscmake.write.1.tlog
d:\vs2013_project\acsl\minisvlib\modules\minisvuavlink\src\release\minisvuavlink.tlog\cl.command.1.tlog
d:\vs2013_project\acsl\minisvlib\modules\minisvuavlink\src\release\minisvuavlink.tlog\cl.read.1.tlog
d:\vs2013_project\acsl\minisvlib\modules\minisvuavlink\src\release\minisvuavlink.tlog\cl.write.1.tlog
d:\vs2013_project\acsl\minisvlib\modules\minisvuavlink\src\release\minisvuavlink.tlog\lib-link.read.1.tlog
d:\vs2013_project\acsl\minisvlib\modules\minisvuavlink\src\release\minisvuavlink.tlog\lib-link.write.1.tlog
d:\vs2013_project\acsl\minisvlib\modules\minisvuavlink\src\release\minisvuavlink.tlog\lib.command.1.tlog
