c:\users\ogawa\documents\02_開発\02_msap\minisv_gcs\trunk\version1\minisvlib\modules\minisvsock\src\debug\minisvsockd.pch
c:\users\ogawa\documents\02_開発\02_msap\minisv_gcs\trunk\version1\minisvlib\modules\minisvsock\src\debug\vc120.pdb
c:\users\ogawa\documents\02_開発\02_msap\minisv_gcs\trunk\version1\minisvlib\modules\minisvsock\src\debug\vc120.idb
c:\users\ogawa\documents\02_開発\02_msap\minisv_gcs\trunk\version1\minisvlib\modules\minisvsock\src\debug\stdafx.obj
c:\users\ogawa\documents\02_開発\02_msap\minisv_gcs\trunk\version1\minisvlib\modules\minisvsock\src\debug\mynetworkextension.obj
c:\users\ogawa\documents\02_開発\02_msap\minisv_gcs\trunk\version1\minisvlib\modules\minisvsock\src\debug\npnetworkextension.obj
c:\users\ogawa\documents\02_開発\02_msap\minisv_gcs\trunk\version1\minisvlib\modules\minisvsock\lib\minisvsockd.lib
c:\users\hello\desktop\acsl\minisvlib\modules\minisvsock\src\debug\mynetworkextension.obj
c:\users\hello\desktop\acsl\minisvlib\modules\minisvsock\src\debug\npnetworkextension.obj
c:\users\hello\desktop\acsl\minisvlib\modules\minisvsock\src\debug\stdafx.obj
c:\users\hello\desktop\acsl\minisvlib\modules\minisvsock\src\debug\minisvsockd.pch
c:\users\hello\desktop\acsl\minisvlib\modules\minisvsock\src\debug\vc120.idb
c:\users\hello\desktop\acsl\minisvlib\modules\minisvsock\src\debug\vc120.pdb
c:\users\hello\desktop\acsl\minisvlib\modules\minisvsock\src\..\lib\minisvsockd.lib
c:\users\hello\desktop\acsl\minisvlib\modules\minisvsock\src\debug\minisvsock.tlog\cl.command.1.tlog
c:\users\hello\desktop\acsl\minisvlib\modules\minisvsock\src\debug\minisvsock.tlog\cl.read.1.tlog
c:\users\hello\desktop\acsl\minisvlib\modules\minisvsock\src\debug\minisvsock.tlog\cl.write.1.tlog
c:\users\hello\desktop\acsl\minisvlib\modules\minisvsock\src\debug\minisvsock.tlog\lib-link.read.1.tlog
c:\users\hello\desktop\acsl\minisvlib\modules\minisvsock\src\debug\minisvsock.tlog\lib-link.write.1.tlog
c:\users\hello\desktop\acsl\minisvlib\modules\minisvsock\src\debug\minisvsock.tlog\lib.command.1.tlog
