c:\users\ogawa\documents\02_開発\02_msap\minisv_gcs\trunk\version1\commonlib\modules\xml\src\debug\xmld.pch
c:\users\ogawa\documents\02_開発\02_msap\minisv_gcs\trunk\version1\commonlib\modules\xml\src\debug\vc120.pdb
c:\users\ogawa\documents\02_開発\02_msap\minisv_gcs\trunk\version1\commonlib\modules\xml\src\debug\vc120.idb
c:\users\ogawa\documents\02_開発\02_msap\minisv_gcs\trunk\version1\commonlib\modules\xml\src\debug\stdafx.obj
c:\users\ogawa\documents\02_開発\02_msap\minisv_gcs\trunk\version1\commonlib\modules\xml\src\debug\msxmlplus.obj
c:\users\ogawa\documents\02_開発\02_msap\minisv_gcs\trunk\version1\commonlib\modules\xml\lib\xmld.lib
c:\users\hello\desktop\acsl\commonlib\modules\xml\src\debug\msxmlplus.obj
c:\users\hello\desktop\acsl\commonlib\modules\xml\src\debug\stdafx.obj
c:\users\hello\desktop\acsl\commonlib\modules\xml\src\debug\msxml6.tli
c:\users\hello\desktop\acsl\commonlib\modules\xml\src\debug\msxml6.tlh
c:\users\hello\desktop\acsl\commonlib\modules\xml\src\debug\xmld.pch
c:\users\hello\desktop\acsl\commonlib\modules\xml\src\debug\vc120.idb
c:\users\hello\desktop\acsl\commonlib\modules\xml\src\debug\vc120.pdb
c:\users\hello\desktop\acsl\commonlib\modules\xml\src\..\lib\xmld.lib
c:\users\hello\desktop\acsl\commonlib\modules\xml\src\debug\xml.tlog\cl.command.1.tlog
c:\users\hello\desktop\acsl\commonlib\modules\xml\src\debug\xml.tlog\cl.read.1.tlog
c:\users\hello\desktop\acsl\commonlib\modules\xml\src\debug\xml.tlog\cl.write.1.tlog
c:\users\hello\desktop\acsl\commonlib\modules\xml\src\debug\xml.tlog\lib-link.read.1.tlog
c:\users\hello\desktop\acsl\commonlib\modules\xml\src\debug\xml.tlog\lib-link.write.1.tlog
c:\users\hello\desktop\acsl\commonlib\modules\xml\src\debug\xml.tlog\lib.command.1.tlog
