d:\vs2013_project\acsl\commonlib\modules\xml\lib\xml.bsc
d:\vs2013_project\acsl\commonlib\modules\xml\src\release\xml.pch
d:\vs2013_project\acsl\commonlib\modules\xml\src\release\vc120.pdb
d:\vs2013_project\acsl\commonlib\modules\xml\src\release\stdafx.sbr
d:\vs2013_project\acsl\commonlib\modules\xml\src\release\stdafx.obj
d:\vs2013_project\acsl\commonlib\modules\xml\src\release\msxmlplus.sbr
d:\vs2013_project\acsl\commonlib\modules\xml\src\release\msxmlplus.obj
d:\vs2013_project\acsl\commonlib\modules\xml\lib\xml.lib
d:\vs2013_project\acsl\commonlib\modules\xml\src\release\msxml6.tli
d:\vs2013_project\acsl\commonlib\modules\xml\src\release\msxml6.tlh
d:\vs2013_project\acsl\commonlib\modules\xml\src\..\lib\xml.lib
d:\vs2013_project\acsl\commonlib\modules\xml\src\release\xml.tlog\bscmake.command.1.tlog
d:\vs2013_project\acsl\commonlib\modules\xml\src\release\xml.tlog\bscmake.read.1.tlog
d:\vs2013_project\acsl\commonlib\modules\xml\src\release\xml.tlog\bscmake.write.1.tlog
d:\vs2013_project\acsl\commonlib\modules\xml\src\release\xml.tlog\cl.command.1.tlog
d:\vs2013_project\acsl\commonlib\modules\xml\src\release\xml.tlog\cl.read.1.tlog
d:\vs2013_project\acsl\commonlib\modules\xml\src\release\xml.tlog\cl.write.1.tlog
d:\vs2013_project\acsl\commonlib\modules\xml\src\release\xml.tlog\lib-link.read.1.tlog
d:\vs2013_project\acsl\commonlib\modules\xml\src\release\xml.tlog\lib-link.write.1.tlog
d:\vs2013_project\acsl\commonlib\modules\xml\src\release\xml.tlog\lib.command.1.tlog
