Build started 2016/1/13 11:29:28.
     1>Project "C:\Users\hello\Desktop\acsl\miniSvLib\modules\miniSvCodec\src\miniSvCodec.vcxproj" on node 5 (Rebuild target(s)).
     1>ClCompile:
         D:\Program Files\Microsoft Visual Studio 12.0\VC\bin\CL.exe /c /I..\include /I..\..\..\include /I..\..\..\..\commonLib\include /ZI /nologo /W3 /WX- /sdl /Od /Oy- /D WIN32 /D _DEBUG /D _LIB /D _UNICODE /D UNICODE /Gm /EHsc /RTC1 /MDd /GS /fp:precise /Zc:wchar_t /Zc:forScope /Yc"stdafx.h" /Fp"Debug\miniSvCodecD.pch" /Fo"Debug\\" /Fd"Debug\vc120.pdb" /Gd /TP /analyze- /errorReport:prompt stdafx.cpp
         stdafx.cpp
         D:\Program Files\Microsoft Visual Studio 12.0\VC\bin\CL.exe /c /I..\include /I..\..\..\include /I..\..\..\..\commonLib\include /ZI /nologo /W3 /WX- /sdl /Od /Oy- /D WIN32 /D _DEBUG /D _LIB /D _UNICODE /D UNICODE /Gm /EHsc /RTC1 /MDd /GS /fp:precise /Zc:wchar_t /Zc:forScope /Fo"Debug\\" /Fd"Debug\vc120.pdb" /Gd /TP /analyze- /errorReport:prompt ..\..\..\include\Common\DataConv.cpp
         DataConv.cpp
       Lib:
         D:\Program Files\Microsoft Visual Studio 12.0\VC\bin\Lib.exe /OUT:"..\lib\miniSvCodecD.lib" /NOLOGO Debug\DataConv.obj
         Debug\stdafx.obj
         miniSvCodec.vcxproj -> C:\Users\hello\Desktop\acsl\miniSvLib\modules\miniSvCodec\src\..\lib\miniSvCodecD.lib
       PostBuildEvent:
         copy ..\include\*.h ..\..\..\include\
         copy ..\lib\miniSvCodecD.lib ..\..\..\lib\
         :VCEnd
         ..\include\Codec.h
         已复制         1 个文件。
         已复制         1 个文件。
     1>Done Building Project "C:\Users\hello\Desktop\acsl\miniSvLib\modules\miniSvCodec\src\miniSvCodec.vcxproj" (Rebuild target(s)).

Build succeeded.

Time Elapsed 00:00:01.61
