d:\vs2013_project\acsl\acsl\core\x-monitor_rec.bsc
d:\vs2013_project\acsl\x-monitor_recplay\src\x-monitor_rec\release\x-monitor_rec.pch
d:\vs2013_project\acsl\x-monitor_recplay\src\x-monitor_rec\release\vc120.pdb
d:\vs2013_project\acsl\x-monitor_recplay\src\x-monitor_rec\release\stdafx.sbr
d:\vs2013_project\acsl\x-monitor_recplay\src\x-monitor_rec\release\stdafx.obj
d:\vs2013_project\acsl\x-monitor_recplay\src\x-monitor_rec\release\x-monitor_rec.sbr
d:\vs2013_project\acsl\x-monitor_recplay\src\x-monitor_rec\release\x-monitor_rec.obj
d:\vs2013_project\acsl\acsl\core\x-monitor_rec.exe
d:\vs2013_project\acsl\acsl\core\x-monitor_rec.pdb
d:\vs2013_project\acsl\x-monitor_recplay\src\x-monitor_rec\release\msxml6.tli
d:\vs2013_project\acsl\x-monitor_recplay\src\x-monitor_rec\release\msxml6.tlh
d:\vs2013_project\acsl\x-monitor_recplay\src\x-monitor_rec\..\..\..\acsl\core\x-monitor_rec.exe
d:\vs2013_project\acsl\x-monitor_recplay\src\x-monitor_rec\release\x-monitor_rec.tlog\bscmake.command.1.tlog
d:\vs2013_project\acsl\x-monitor_recplay\src\x-monitor_rec\release\x-monitor_rec.tlog\bscmake.read.1.tlog
d:\vs2013_project\acsl\x-monitor_recplay\src\x-monitor_rec\release\x-monitor_rec.tlog\bscmake.write.1.tlog
d:\vs2013_project\acsl\x-monitor_recplay\src\x-monitor_rec\release\x-monitor_rec.tlog\cl.command.1.tlog
d:\vs2013_project\acsl\x-monitor_recplay\src\x-monitor_rec\release\x-monitor_rec.tlog\cl.read.1.tlog
d:\vs2013_project\acsl\x-monitor_recplay\src\x-monitor_rec\release\x-monitor_rec.tlog\cl.write.1.tlog
d:\vs2013_project\acsl\x-monitor_recplay\src\x-monitor_rec\release\x-monitor_rec.tlog\link.command.1.tlog
d:\vs2013_project\acsl\x-monitor_recplay\src\x-monitor_rec\release\x-monitor_rec.tlog\link.read.1.tlog
d:\vs2013_project\acsl\x-monitor_recplay\src\x-monitor_rec\release\x-monitor_rec.tlog\link.write.1.tlog
