d:\vs2013_project\acsl\acsl\core\core.bsc
d:\vs2013_project\acsl\x-monitor\src\release\core.pch
d:\vs2013_project\acsl\x-monitor\src\release\vc120.pdb
d:\vs2013_project\acsl\x-monitor\src\release\stdafx.sbr
d:\vs2013_project\acsl\x-monitor\src\release\stdafx.obj
d:\vs2013_project\acsl\x-monitor\src\release\appsetting.sbr
d:\vs2013_project\acsl\x-monitor\src\release\clogedit.sbr
d:\vs2013_project\acsl\x-monitor\src\release\uavlinkmanage.sbr
d:\vs2013_project\acsl\x-monitor\src\release\x-monitor.sbr
d:\vs2013_project\acsl\x-monitor\src\release\x-monitordlg.sbr
d:\vs2013_project\acsl\x-monitor\src\release\x-monitordlg.obj
d:\vs2013_project\acsl\x-monitor\src\release\x-monitor.obj
d:\vs2013_project\acsl\x-monitor\src\release\uavlinkmanage.obj
d:\vs2013_project\acsl\x-monitor\src\release\clogedit.obj
d:\vs2013_project\acsl\x-monitor\src\release\appsetting.obj
d:\vs2013_project\acsl\acsl\core\core.exe
d:\vs2013_project\acsl\acsl\core\core.pdb
d:\vs2013_project\acsl\x-monitor\src\release\x-monitor.res
d:\vs2013_project\acsl\x-monitor\src\release\msxml6.tli
d:\vs2013_project\acsl\x-monitor\src\release\msxml6.tlh
d:\vs2013_project\acsl\x-monitor\src\..\..\acsl\core\core.exe
d:\vs2013_project\acsl\x-monitor\src\release\core.tlog\bscmake.command.1.tlog
d:\vs2013_project\acsl\x-monitor\src\release\core.tlog\bscmake.read.1.tlog
d:\vs2013_project\acsl\x-monitor\src\release\core.tlog\bscmake.write.1.tlog
d:\vs2013_project\acsl\x-monitor\src\release\core.tlog\cl.command.1.tlog
d:\vs2013_project\acsl\x-monitor\src\release\core.tlog\cl.read.1.tlog
d:\vs2013_project\acsl\x-monitor\src\release\core.tlog\cl.write.1.tlog
d:\vs2013_project\acsl\x-monitor\src\release\core.tlog\link.command.1.tlog
d:\vs2013_project\acsl\x-monitor\src\release\core.tlog\link.read.1.tlog
d:\vs2013_project\acsl\x-monitor\src\release\core.tlog\link.write.1.tlog
d:\vs2013_project\acsl\x-monitor\src\release\core.tlog\rc.command.1.tlog
d:\vs2013_project\acsl\x-monitor\src\release\core.tlog\rc.read.1.tlog
d:\vs2013_project\acsl\x-monitor\src\release\core.tlog\rc.write.1.tlog
