生成启动时间为 2017/4/24 星期一 下午 4:01:35。
     1>项目“D:\VS2013_Project\acsl\miniSvLib\modules\miniSvWirelessDevice\src\miniSvWirelessDevice.vcxproj”在节点 4 上(Rebuild 个目标)。
     1>ClCompile:
         D:\Program Files\Microsoft Visual Studio 12.0\VC\bin\CL.exe /c /I..\include /I..\..\..\include /I..\..\..\..\commonLib\include /Zi /nologo /W3 /WX- /sdl /O2 /Oi /Oy- /GL /D WIN32 /D NDEBUG /D _LIB /D _UNICODE /D UNICODE /Gm- /EHsc /MT /GS /Gy /fp:precise /Zc:wchar_t /Zc:forScope /Yc"stdafx.h" /Fp"Release\miniSvWirelessDevice.pch" /Fo"Release\\" /Fd"Release\vc120.pdb" /FR"Release\\" /Gd /TP /analyze- /errorReport:prompt stdafx.cpp
         stdafx.cpp
         D:\Program Files\Microsoft Visual Studio 12.0\VC\bin\CL.exe /c /I..\include /I..\..\..\include /I..\..\..\..\commonLib\include /Zi /nologo /W3 /WX- /sdl /O2 /Oi /Oy- /GL /D WIN32 /D NDEBUG /D _LIB /D _UNICODE /D UNICODE /Gm- /EHsc /MT /GS /Gy /fp:precise /Zc:wchar_t /Zc:forScope /Fo"Release\\" /Fd"Release\vc120.pdb" /FR"Release\\" /Gd /TP /analyze- /errorReport:prompt ..\..\..\include\Common\ConnectionCreator_Win.cpp ..\..\..\include\Common\SystemTime.cpp ..\..\..\include\Lib\SCIDevice.cpp WirelessDevice_FEP.cpp
         ConnectionCreator_Win.cpp
         SystemTime.cpp
         SCIDevice.cpp
         WirelessDevice_FEP.cpp
       Lib:
         D:\Program Files\Microsoft Visual Studio 12.0\VC\bin\Lib.exe /OUT:"..\lib\miniSvWirelessDevice.lib" /NOLOGO /LTCG Release\ConnectionCreator_Win.obj
         Release\SystemTime.obj
         Release\SCIDevice.obj
         Release\stdafx.obj
         Release\WirelessDevice_FEP.obj
         miniSvWirelessDevice.vcxproj -> D:\VS2013_Project\acsl\miniSvLib\modules\miniSvWirelessDevice\src\..\lib\miniSvWirelessDevice.lib
       BscMake:
         D:\Program Files\Microsoft Visual Studio 12.0\VC\bin\bscmake.exe /nologo /o"..\lib\miniSvWirelessDevice.bsc" /n Release\ConnectionCreator_Win.sbr Release\SystemTime.sbr Release\SCIDevice.sbr Release\stdafx.sbr Release\WirelessDevice_FEP.sbr
       PostBuildEvent:
         copy ..\include\*.h ..\..\..\include\
         copy ..\lib\miniSvWirelessDevice.lib ..\..\..\lib\
         :VCEnd
         ..\include\SystemTimeSetter.h
         ..\include\SystemTimeSetter_Win.h
         ..\include\WirelessDevice.h
         ..\include\WirelessDevice_FEP.h
         已复制         4 个文件。
         已复制         1 个文件。
     1>已完成生成项目“D:\VS2013_Project\acsl\miniSvLib\modules\miniSvWirelessDevice\src\miniSvWirelessDevice.vcxproj”(Rebuild 个目标)的操作。

生成成功。

已用时间 00:00:10.33
