d:\vs2013_project\acsl\minisvlib\modules\minisvwirelessdevice\lib\minisvwirelessdevice.bsc
d:\vs2013_project\acsl\minisvlib\modules\minisvwirelessdevice\src\release\minisvwirelessdevice.pch
d:\vs2013_project\acsl\minisvlib\modules\minisvwirelessdevice\src\release\vc120.pdb
d:\vs2013_project\acsl\minisvlib\modules\minisvwirelessdevice\src\release\stdafx.sbr
d:\vs2013_project\acsl\minisvlib\modules\minisvwirelessdevice\src\release\stdafx.obj
d:\vs2013_project\acsl\minisvlib\modules\minisvwirelessdevice\src\release\connectioncreator_win.sbr
d:\vs2013_project\acsl\minisvlib\modules\minisvwirelessdevice\src\release\systemtime.sbr
d:\vs2013_project\acsl\minisvlib\modules\minisvwirelessdevice\src\release\scidevice.sbr
d:\vs2013_project\acsl\minisvlib\modules\minisvwirelessdevice\src\release\wirelessdevice_fep.sbr
d:\vs2013_project\acsl\minisvlib\modules\minisvwirelessdevice\src\release\wirelessdevice_fep.obj
d:\vs2013_project\acsl\minisvlib\modules\minisvwirelessdevice\src\release\scidevice.obj
d:\vs2013_project\acsl\minisvlib\modules\minisvwirelessdevice\src\release\systemtime.obj
d:\vs2013_project\acsl\minisvlib\modules\minisvwirelessdevice\src\release\connectioncreator_win.obj
d:\vs2013_project\acsl\minisvlib\modules\minisvwirelessdevice\lib\minisvwirelessdevice.lib
d:\vs2013_project\acsl\minisvlib\modules\minisvwirelessdevice\src\..\lib\minisvwirelessdevice.lib
d:\vs2013_project\acsl\minisvlib\modules\minisvwirelessdevice\src\release\minisvwi.71efb72a.tlog\bscmake.command.1.tlog
d:\vs2013_project\acsl\minisvlib\modules\minisvwirelessdevice\src\release\minisvwi.71efb72a.tlog\bscmake.read.1.tlog
d:\vs2013_project\acsl\minisvlib\modules\minisvwirelessdevice\src\release\minisvwi.71efb72a.tlog\bscmake.write.1.tlog
d:\vs2013_project\acsl\minisvlib\modules\minisvwirelessdevice\src\release\minisvwi.71efb72a.tlog\cl.command.1.tlog
d:\vs2013_project\acsl\minisvlib\modules\minisvwirelessdevice\src\release\minisvwi.71efb72a.tlog\cl.read.1.tlog
d:\vs2013_project\acsl\minisvlib\modules\minisvwirelessdevice\src\release\minisvwi.71efb72a.tlog\cl.write.1.tlog
d:\vs2013_project\acsl\minisvlib\modules\minisvwirelessdevice\src\release\minisvwi.71efb72a.tlog\lib-link.read.1.tlog
d:\vs2013_project\acsl\minisvlib\modules\minisvwirelessdevice\src\release\minisvwi.71efb72a.tlog\lib-link.write.1.tlog
d:\vs2013_project\acsl\minisvlib\modules\minisvwirelessdevice\src\release\minisvwi.71efb72a.tlog\lib.command.1.tlog
